<?xml version="1.0" encoding="UTF-8"?>
<!-- Generated by org.testng.reporters.JUnitReportReporter -->
<testsuite hostname="AnuragDewangan" failures="0" tests="1" name="apiTesting.MyTest" time="1.848" errors="0" timestamp="2024-12-06T18:51:50 IST" skipped="0">
  <testcase classname="apiTesting.MyTest" name="testStaticJSON" time="1.848"/>
</testsuite> <!-- apiTesting.MyTest -->
